<?xml version="1.0" encoding="UTF-8"?>
<!-- Generated by org.testng.reporters.JUnitReportReporter -->
<testsuite hostname="Naveens-MacBook-Pro-2.local" failures="0" tests="1" name="com.flexiquiz.tests.ProductTest" time="2.316" errors="0" timestamp="2023-10-28T15:00:07 BST" skipped="0">
  <testcase classname="com.flexiquiz.tests.ProductTest" name="openProductPage" time="2.316"/>
</testsuite> <!-- com.flexiquiz.tests.ProductTest -->
